This file contains any messages produced by compilers while
running configure, to aid debugging if configure makes a mistake.

It was created by snowmix configure 0.1, which was
generated by GNU Autoconf 2.69.  Invocation command line was

  $ ./configure --no-create --no-recursion

## --------- ##
## Platform. ##
## --------- ##

hostname = ubuntu
uname -m = i686
uname -r = 3.8.0-19-generic
uname -s = Linux
uname -v = #29-Ubuntu SMP Wed Apr 17 18:19:42 UTC 2013

/usr/bin/uname -p = unknown
/bin/uname -X     = unknown

/bin/arch              = unknown
/usr/bin/arch -k       = unknown
/usr/convex/getsysinfo = unknown
/usr/bin/hostinfo      = unknown
/bin/machine           = unknown
/usr/bin/oslevel       = unknown
/bin/universe          = unknown

PATH: /usr/lib/lightdm/lightdm
PATH: /usr/local/sbin
PATH: /usr/local/bin
PATH: /usr/sbin
PATH: /usr/bin
PATH: /sbin
PATH: /bin
PATH: /usr/games
PATH: /usr/local/games


## ----------- ##
## Core tests. ##
## ----------- ##

configure:2377: checking for a BSD-compatible install
configure:2445: result: /usr/bin/install -c
configure:2456: checking whether build environment is sane
configure:2506: result: yes
configure:2647: checking for a thread-safe mkdir -p
configure:2686: result: /bin/mkdir -p
configure:2699: checking for gawk
configure:2729: result: no
configure:2699: checking for mawk
configure:2715: found /usr/bin/mawk
configure:2726: result: mawk
configure:2737: checking whether make sets $(MAKE)
configure:2759: result: yes
configure:2897: checking for g++
configure:2913: found /usr/bin/g++
configure:2924: result: g++
configure:2951: checking for C++ compiler version
configure:2960: g++ --version >&5
g++ (Ubuntu/Linaro 4.7.3-1ubuntu1) 4.7.3
Copyright (C) 2012 Free Software Foundation, Inc.
This is free software; see the source for copying conditions.  There is NO
warranty; not even for MERCHANTABILITY or FITNESS FOR A PARTICULAR PURPOSE.

configure:2971: $? = 0
configure:2960: g++ -v >&5
Using built-in specs.
COLLECT_GCC=g++
COLLECT_LTO_WRAPPER=/usr/lib/gcc/i686-linux-gnu/4.7/lto-wrapper
Target: i686-linux-gnu
Configured with: ../src/configure -v --with-pkgversion='Ubuntu/Linaro 4.7.3-1ubuntu1' --with-bugurl=file:///usr/share/doc/gcc-4.7/README.Bugs --enable-languages=c,c++,go,fortran,objc,obj-c++ --prefix=/usr --program-suffix=-4.7 --enable-shared --enable-linker-build-id --libexecdir=/usr/lib --without-included-gettext --enable-threads=posix --with-gxx-include-dir=/usr/include/c++/4.7 --libdir=/usr/lib --enable-nls --with-sysroot=/ --enable-clocale=gnu --enable-libstdcxx-debug --enable-libstdcxx-time=yes --enable-gnu-unique-object --enable-plugin --with-system-zlib --enable-objc-gc --enable-targets=all --with-cloog --enable-cloog-backend=ppl --disable-cloog-version-check --disable-ppl-version-check --enable-multiarch --disable-werror --with-arch-32=i686 --with-multilib-list=m32,m64,mx32 --with-tune=generic --enable-checking=release --build=i686-linux-gnu --host=i686-linux-gnu --target=i686-linux-gnu
Thread model: posix
gcc version 4.7.3 (Ubuntu/Linaro 4.7.3-1ubuntu1) 
configure:2971: $? = 0
configure:2960: g++ -V >&5
g++: error: unrecognized command line option '-V'
g++: fatal error: no input files
compilation terminated.
configure:2971: $? = 4
configure:2960: g++ -qversion >&5
g++: error: unrecognized command line option '-qversion'
g++: fatal error: no input files
compilation terminated.
configure:2971: $? = 4
configure:2991: checking whether the C++ compiler works
configure:3013: g++    conftest.cpp  >&5
configure:3017: $? = 0
configure:3065: result: yes
configure:3068: checking for C++ compiler default output file name
configure:3070: result: a.out
configure:3076: checking for suffix of executables
configure:3083: g++ -o conftest    conftest.cpp  >&5
configure:3087: $? = 0
configure:3109: result: 
configure:3131: checking whether we are cross compiling
configure:3139: g++ -o conftest    conftest.cpp  >&5
configure:3143: $? = 0
configure:3150: ./conftest
configure:3154: $? = 0
configure:3169: result: no
configure:3174: checking for suffix of object files
configure:3196: g++ -c   conftest.cpp >&5
configure:3200: $? = 0
configure:3221: result: o
configure:3225: checking whether we are using the GNU C++ compiler
configure:3244: g++ -c   conftest.cpp >&5
configure:3244: $? = 0
configure:3253: result: yes
configure:3262: checking whether g++ accepts -g
configure:3282: g++ -c -g  conftest.cpp >&5
configure:3282: $? = 0
configure:3323: result: yes
configure:3357: checking for style of include used by make
configure:3385: result: GNU
configure:3411: checking dependency style of g++
configure:3522: result: gcc3
configure:3566: checking build system type
configure:3580: result: i686-pc-linux-gnu
configure:3600: checking host system type
configure:3613: result: i686-pc-linux-gnu
configure:3654: checking how to print strings
configure:3681: result: printf
configure:3750: checking for gcc
configure:3766: found /usr/bin/gcc
configure:3777: result: gcc
configure:4006: checking for C compiler version
configure:4015: gcc --version >&5
gcc (Ubuntu/Linaro 4.7.3-1ubuntu1) 4.7.3
Copyright (C) 2012 Free Software Foundation, Inc.
This is free software; see the source for copying conditions.  There is NO
warranty; not even for MERCHANTABILITY or FITNESS FOR A PARTICULAR PURPOSE.

configure:4026: $? = 0
configure:4015: gcc -v >&5
Using built-in specs.
COLLECT_GCC=gcc
COLLECT_LTO_WRAPPER=/usr/lib/gcc/i686-linux-gnu/4.7/lto-wrapper
Target: i686-linux-gnu
Configured with: ../src/configure -v --with-pkgversion='Ubuntu/Linaro 4.7.3-1ubuntu1' --with-bugurl=file:///usr/share/doc/gcc-4.7/README.Bugs --enable-languages=c,c++,go,fortran,objc,obj-c++ --prefix=/usr --program-suffix=-4.7 --enable-shared --enable-linker-build-id --libexecdir=/usr/lib --without-included-gettext --enable-threads=posix --with-gxx-include-dir=/usr/include/c++/4.7 --libdir=/usr/lib --enable-nls --with-sysroot=/ --enable-clocale=gnu --enable-libstdcxx-debug --enable-libstdcxx-time=yes --enable-gnu-unique-object --enable-plugin --with-system-zlib --enable-objc-gc --enable-targets=all --with-cloog --enable-cloog-backend=ppl --disable-cloog-version-check --disable-ppl-version-check --enable-multiarch --disable-werror --with-arch-32=i686 --with-multilib-list=m32,m64,mx32 --with-tune=generic --enable-checking=release --build=i686-linux-gnu --host=i686-linux-gnu --target=i686-linux-gnu
Thread model: posix
gcc version 4.7.3 (Ubuntu/Linaro 4.7.3-1ubuntu1) 
configure:4026: $? = 0
configure:4015: gcc -V >&5
gcc: error: unrecognized command line option '-V'
gcc: fatal error: no input files
compilation terminated.
configure:4026: $? = 4
configure:4015: gcc -qversion >&5
gcc: error: unrecognized command line option '-qversion'
gcc: fatal error: no input files
compilation terminated.
configure:4026: $? = 4
configure:4030: checking whether we are using the GNU C compiler
configure:4049: gcc -c   conftest.c >&5
configure:4049: $? = 0
configure:4058: result: yes
configure:4067: checking whether gcc accepts -g
configure:4087: gcc -c -g  conftest.c >&5
configure:4087: $? = 0
configure:4128: result: yes
configure:4145: checking for gcc option to accept ISO C89
configure:4208: gcc  -c -g -O2  conftest.c >&5
configure:4208: $? = 0
configure:4221: result: none needed
configure:4243: checking dependency style of gcc
configure:4354: result: gcc3
configure:4369: checking for a sed that does not truncate output
configure:4433: result: /bin/sed
configure:4451: checking for grep that handles long lines and -e
configure:4509: result: /bin/grep
configure:4514: checking for egrep
configure:4576: result: /bin/grep -E
configure:4581: checking for fgrep
configure:4643: result: /bin/grep -F
configure:4678: checking for ld used by gcc
configure:4745: result: /usr/bin/ld
configure:4752: checking if the linker (/usr/bin/ld) is GNU ld
configure:4767: result: yes
configure:4779: checking for BSD- or MS-compatible name lister (nm)
configure:4828: result: /usr/bin/nm -B
configure:4958: checking the name lister (/usr/bin/nm -B) interface
configure:4965: gcc -c -g -O2  conftest.c >&5
configure:4968: /usr/bin/nm -B "conftest.o"
configure:4971: output
00000000 B some_variable
configure:4978: result: BSD nm
configure:4981: checking whether ln -s works
configure:4985: result: yes
configure:4993: checking the maximum length of command line arguments
configure:5124: result: 805306365
configure:5141: checking whether the shell understands some XSI constructs
configure:5151: result: yes
configure:5155: checking whether the shell understands "+="
configure:5161: result: yes
configure:5196: checking how to convert i686-pc-linux-gnu file names to i686-pc-linux-gnu format
configure:5236: result: func_convert_file_noop
configure:5243: checking how to convert i686-pc-linux-gnu file names to toolchain format
configure:5263: result: func_convert_file_noop
configure:5270: checking for /usr/bin/ld option to reload object files
configure:5277: result: -r
configure:5351: checking for objdump
configure:5367: found /usr/bin/objdump
configure:5378: result: objdump
configure:5410: checking how to recognize dependent libraries
configure:5608: result: pass_all
configure:5693: checking for dlltool
configure:5723: result: no
configure:5753: checking how to associate runtime and link libraries
configure:5780: result: printf %s\n
configure:5841: checking for ar
configure:5857: found /usr/bin/ar
configure:5868: result: ar
configure:5905: checking for archiver @FILE support
configure:5922: gcc -c -g -O2  conftest.c >&5
configure:5922: $? = 0
configure:5925: ar cru libconftest.a @conftest.lst >&5
configure:5928: $? = 0
configure:5933: ar cru libconftest.a @conftest.lst >&5
ar: conftest.o: No such file or directory
configure:5936: $? = 1
configure:5948: result: @
configure:6006: checking for strip
configure:6022: found /usr/bin/strip
configure:6033: result: strip
configure:6105: checking for ranlib
configure:6121: found /usr/bin/ranlib
configure:6132: result: ranlib
configure:6234: checking command to parse /usr/bin/nm -B output from gcc object
configure:6354: gcc -c -g -O2  conftest.c >&5
configure:6357: $? = 0
configure:6361: /usr/bin/nm -B conftest.o \| sed -n -e 's/^.*[ ]\([ABCDGIRSTW][ABCDGIRSTW]*\)[ ][ ]*\([_A-Za-z][_A-Za-z0-9]*\)$/\1 \2 \2/p' | sed '/ __gnu_lto/d' \> conftest.nm
configure:6364: $? = 0
configure:6430: gcc -o conftest -g -O2   conftest.c conftstm.o >&5
configure:6433: $? = 0
configure:6471: result: ok
configure:6508: checking for sysroot
configure:6538: result: no
configure:6801: checking for mt
configure:6817: found /bin/mt
configure:6828: result: mt
configure:6851: checking if mt is a manifest tool
configure:6857: mt '-?'
configure:6865: result: no
configure:7507: checking how to run the C preprocessor
configure:7538: gcc -E  conftest.c
configure:7538: $? = 0
configure:7552: gcc -E  conftest.c
conftest.c:11:28: fatal error: ac_nonexistent.h: No such file or directory
compilation terminated.
configure:7552: $? = 1
configure: failed program was:
| /* confdefs.h */
| #define PACKAGE_NAME "snowmix"
| #define PACKAGE_TARNAME "snowmix"
| #define PACKAGE_VERSION "0.1"
| #define PACKAGE_STRING "snowmix 0.1"
| #define PACKAGE_BUGREPORT ""
| #define PACKAGE_URL ""
| #define PACKAGE "snowmix"
| #define VERSION "0.1"
| /* end confdefs.h.  */
| #include <ac_nonexistent.h>
configure:7577: result: gcc -E
configure:7597: gcc -E  conftest.c
configure:7597: $? = 0
configure:7611: gcc -E  conftest.c
conftest.c:11:28: fatal error: ac_nonexistent.h: No such file or directory
compilation terminated.
configure:7611: $? = 1
configure: failed program was:
| /* confdefs.h */
| #define PACKAGE_NAME "snowmix"
| #define PACKAGE_TARNAME "snowmix"
| #define PACKAGE_VERSION "0.1"
| #define PACKAGE_STRING "snowmix 0.1"
| #define PACKAGE_BUGREPORT ""
| #define PACKAGE_URL ""
| #define PACKAGE "snowmix"
| #define VERSION "0.1"
| /* end confdefs.h.  */
| #include <ac_nonexistent.h>
configure:7640: checking for ANSI C header files
configure:7660: gcc -c -g -O2  conftest.c >&5
configure:7660: $? = 0
configure:7733: gcc -o conftest -g -O2   conftest.c  >&5
configure:7733: $? = 0
configure:7733: ./conftest
configure:7733: $? = 0
configure:7744: result: yes
configure:7757: checking for sys/types.h
configure:7757: gcc -c -g -O2  conftest.c >&5
configure:7757: $? = 0
configure:7757: result: yes
configure:7757: checking for sys/stat.h
configure:7757: gcc -c -g -O2  conftest.c >&5
configure:7757: $? = 0
configure:7757: result: yes
configure:7757: checking for stdlib.h
configure:7757: gcc -c -g -O2  conftest.c >&5
configure:7757: $? = 0
configure:7757: result: yes
configure:7757: checking for string.h
configure:7757: gcc -c -g -O2  conftest.c >&5
configure:7757: $? = 0
configure:7757: result: yes
configure:7757: checking for memory.h
configure:7757: gcc -c -g -O2  conftest.c >&5
configure:7757: $? = 0
configure:7757: result: yes
configure:7757: checking for strings.h
configure:7757: gcc -c -g -O2  conftest.c >&5
configure:7757: $? = 0
configure:7757: result: yes
configure:7757: checking for inttypes.h
configure:7757: gcc -c -g -O2  conftest.c >&5
configure:7757: $? = 0
configure:7757: result: yes
configure:7757: checking for stdint.h
configure:7757: gcc -c -g -O2  conftest.c >&5
configure:7757: $? = 0
configure:7757: result: yes
configure:7757: checking for unistd.h
configure:7757: gcc -c -g -O2  conftest.c >&5
configure:7757: $? = 0
configure:7757: result: yes
configure:7771: checking for dlfcn.h
configure:7771: gcc -c -g -O2  conftest.c >&5
configure:7771: $? = 0
configure:7771: result: yes
configure:7988: checking for objdir
configure:8003: result: .libs
configure:8274: checking if gcc supports -fno-rtti -fno-exceptions
configure:8292: gcc -c -g -O2  -fno-rtti -fno-exceptions conftest.c >&5
cc1: warning: command line option '-fno-rtti' is valid for C++/ObjC++ but not for C [enabled by default]
configure:8296: $? = 0
configure:8309: result: no
configure:8636: checking for gcc option to produce PIC
configure:8643: result: -fPIC -DPIC
configure:8651: checking if gcc PIC flag -fPIC -DPIC works
configure:8669: gcc -c -g -O2  -fPIC -DPIC -DPIC conftest.c >&5
configure:8673: $? = 0
configure:8686: result: yes
configure:8715: checking if gcc static flag -static works
configure:8743: result: yes
configure:8758: checking if gcc supports -c -o file.o
configure:8779: gcc -c -g -O2  -o out/conftest2.o conftest.c >&5
configure:8783: $? = 0
configure:8805: result: yes
configure:8813: checking if gcc supports -c -o file.o
configure:8860: result: yes
configure:8893: checking whether the gcc linker (/usr/bin/ld) supports shared libraries
configure:10050: result: yes
configure:10087: checking whether -lc should be explicitly linked in
configure:10095: gcc -c -g -O2  conftest.c >&5
configure:10098: $? = 0
configure:10113: gcc -shared  -fPIC -DPIC conftest.o  -v -Wl,-soname -Wl,conftest -o conftest 2\>\&1 \| /bin/grep  -lc  \>/dev/null 2\>\&1
configure:10116: $? = 0
configure:10130: result: no
configure:10290: checking dynamic linker characteristics
configure:10790: gcc -o conftest -g -O2   -Wl,-rpath -Wl,/foo conftest.c  >&5
configure:10790: $? = 0
configure:11024: result: GNU/Linux ld.so
configure:11131: checking how to hardcode library paths into programs
configure:11156: result: immediate
configure:11696: checking whether stripping libraries is possible
configure:11701: result: yes
configure:11736: checking if libtool supports shared libraries
configure:11738: result: yes
configure:11741: checking whether to build shared libraries
configure:11762: result: yes
configure:11765: checking whether to build static libraries
configure:11769: result: yes
configure:11792: checking how to run the C++ preprocessor
configure:11819: g++ -E  conftest.cpp
configure:11819: $? = 0
configure:11833: g++ -E  conftest.cpp
conftest.cpp:23:28: fatal error: ac_nonexistent.h: No such file or directory
compilation terminated.
configure:11833: $? = 1
configure: failed program was:
| /* confdefs.h */
| #define PACKAGE_NAME "snowmix"
| #define PACKAGE_TARNAME "snowmix"
| #define PACKAGE_VERSION "0.1"
| #define PACKAGE_STRING "snowmix 0.1"
| #define PACKAGE_BUGREPORT ""
| #define PACKAGE_URL ""
| #define PACKAGE "snowmix"
| #define VERSION "0.1"
| #define STDC_HEADERS 1
| #define HAVE_SYS_TYPES_H 1
| #define HAVE_SYS_STAT_H 1
| #define HAVE_STDLIB_H 1
| #define HAVE_STRING_H 1
| #define HAVE_MEMORY_H 1
| #define HAVE_STRINGS_H 1
| #define HAVE_INTTYPES_H 1
| #define HAVE_STDINT_H 1
| #define HAVE_UNISTD_H 1
| #define HAVE_DLFCN_H 1
| #define LT_OBJDIR ".libs/"
| /* end confdefs.h.  */
| #include <ac_nonexistent.h>
configure:11858: result: g++ -E
configure:11878: g++ -E  conftest.cpp
configure:11878: $? = 0
configure:11892: g++ -E  conftest.cpp
conftest.cpp:23:28: fatal error: ac_nonexistent.h: No such file or directory
compilation terminated.
configure:11892: $? = 1
configure: failed program was:
| /* confdefs.h */
| #define PACKAGE_NAME "snowmix"
| #define PACKAGE_TARNAME "snowmix"
| #define PACKAGE_VERSION "0.1"
| #define PACKAGE_STRING "snowmix 0.1"
| #define PACKAGE_BUGREPORT ""
| #define PACKAGE_URL ""
| #define PACKAGE "snowmix"
| #define VERSION "0.1"
| #define STDC_HEADERS 1
| #define HAVE_SYS_TYPES_H 1
| #define HAVE_SYS_STAT_H 1
| #define HAVE_STDLIB_H 1
| #define HAVE_STRING_H 1
| #define HAVE_MEMORY_H 1
| #define HAVE_STRINGS_H 1
| #define HAVE_INTTYPES_H 1
| #define HAVE_STDINT_H 1
| #define HAVE_UNISTD_H 1
| #define HAVE_DLFCN_H 1
| #define LT_OBJDIR ".libs/"
| /* end confdefs.h.  */
| #include <ac_nonexistent.h>
configure:12061: checking for ld used by g++
configure:12128: result: /usr/bin/ld
configure:12135: checking if the linker (/usr/bin/ld) is GNU ld
configure:12150: result: yes
configure:12205: checking whether the g++ linker (/usr/bin/ld) supports shared libraries
configure:13207: result: yes
configure:13243: g++ -c -g -O2  conftest.cpp >&5
configure:13246: $? = 0
configure:13766: checking for g++ option to produce PIC
configure:13773: result: -fPIC -DPIC
configure:13781: checking if g++ PIC flag -fPIC -DPIC works
configure:13799: g++ -c -g -O2  -fPIC -DPIC -DPIC conftest.cpp >&5
configure:13803: $? = 0
configure:13816: result: yes
configure:13839: checking if g++ static flag -static works
configure:13867: result: yes
configure:13879: checking if g++ supports -c -o file.o
configure:13900: g++ -c -g -O2  -o out/conftest2.o conftest.cpp >&5
configure:13904: $? = 0
configure:13926: result: yes
configure:13931: checking if g++ supports -c -o file.o
configure:13978: result: yes
configure:14008: checking whether the g++ linker (/usr/bin/ld) supports shared libraries
configure:14047: result: yes
configure:14188: checking dynamic linker characteristics
configure:14856: result: GNU/Linux ld.so
configure:14909: checking how to hardcode library paths into programs
configure:14934: result: immediate
configure:15024: checking tcl8.5/tcl.h usability
configure:15024: gcc -c -g -O2  conftest.c >&5
configure:15024: $? = 0
configure:15024: result: yes
configure:15024: checking tcl8.5/tcl.h presence
configure:15024: gcc -E  conftest.c
configure:15024: $? = 0
configure:15024: result: yes
configure:15024: checking for tcl8.5/tcl.h
configure:15024: result: yes
configure:15204: creating ./config.status

## ---------------- ##
## Cache variables. ##
## ---------------- ##

ac_cv_build=i686-pc-linux-gnu
ac_cv_c_compiler_gnu=yes
ac_cv_cxx_compiler_gnu=yes
ac_cv_env_CCC_set=
ac_cv_env_CCC_value=
ac_cv_env_CC_set=
ac_cv_env_CC_value=
ac_cv_env_CFLAGS_set=
ac_cv_env_CFLAGS_value=
ac_cv_env_CPPFLAGS_set=
ac_cv_env_CPPFLAGS_value=
ac_cv_env_CPP_set=
ac_cv_env_CPP_value=
ac_cv_env_CXXCPP_set=
ac_cv_env_CXXCPP_value=
ac_cv_env_CXXFLAGS_set=
ac_cv_env_CXXFLAGS_value=
ac_cv_env_CXX_set=
ac_cv_env_CXX_value=
ac_cv_env_LDFLAGS_set=
ac_cv_env_LDFLAGS_value=
ac_cv_env_LIBS_set=
ac_cv_env_LIBS_value=
ac_cv_env_build_alias_set=
ac_cv_env_build_alias_value=
ac_cv_env_host_alias_set=
ac_cv_env_host_alias_value=
ac_cv_env_target_alias_set=
ac_cv_env_target_alias_value=
ac_cv_header_dlfcn_h=yes
ac_cv_header_inttypes_h=yes
ac_cv_header_memory_h=yes
ac_cv_header_stdc=yes
ac_cv_header_stdint_h=yes
ac_cv_header_stdlib_h=yes
ac_cv_header_string_h=yes
ac_cv_header_strings_h=yes
ac_cv_header_sys_stat_h=yes
ac_cv_header_sys_types_h=yes
ac_cv_header_tcl8_5_tcl_h=yes
ac_cv_header_unistd_h=yes
ac_cv_host=i686-pc-linux-gnu
ac_cv_objext=o
ac_cv_path_EGREP='/bin/grep -E'
ac_cv_path_FGREP='/bin/grep -F'
ac_cv_path_GREP=/bin/grep
ac_cv_path_SED=/bin/sed
ac_cv_path_install='/usr/bin/install -c'
ac_cv_path_mkdir=/bin/mkdir
ac_cv_prog_AWK=mawk
ac_cv_prog_CPP='gcc -E'
ac_cv_prog_CXXCPP='g++ -E'
ac_cv_prog_ac_ct_AR=ar
ac_cv_prog_ac_ct_CC=gcc
ac_cv_prog_ac_ct_CXX=g++
ac_cv_prog_ac_ct_MANIFEST_TOOL=mt
ac_cv_prog_ac_ct_OBJDUMP=objdump
ac_cv_prog_ac_ct_RANLIB=ranlib
ac_cv_prog_ac_ct_STRIP=strip
ac_cv_prog_cc_c89=
ac_cv_prog_cc_g=yes
ac_cv_prog_cxx_g=yes
ac_cv_prog_make_make_set=yes
am_cv_CC_dependencies_compiler_type=gcc3
am_cv_CXX_dependencies_compiler_type=gcc3
lt_cv_ar_at_file=@
lt_cv_archive_cmds_need_lc=no
lt_cv_deplibs_check_method=pass_all
lt_cv_file_magic_cmd='$MAGIC_CMD'
lt_cv_file_magic_test_file=
lt_cv_ld_reload_flag=-r
lt_cv_nm_interface='BSD nm'
lt_cv_objdir=.libs
lt_cv_path_LD=/usr/bin/ld
lt_cv_path_LDCXX=/usr/bin/ld
lt_cv_path_NM='/usr/bin/nm -B'
lt_cv_path_mainfest_tool=no
lt_cv_prog_compiler_c_o=yes
lt_cv_prog_compiler_c_o_CXX=yes
lt_cv_prog_compiler_pic='-fPIC -DPIC'
lt_cv_prog_compiler_pic_CXX='-fPIC -DPIC'
lt_cv_prog_compiler_pic_works=yes
lt_cv_prog_compiler_pic_works_CXX=yes
lt_cv_prog_compiler_rtti_exceptions=no
lt_cv_prog_compiler_static_works=yes
lt_cv_prog_compiler_static_works_CXX=yes
lt_cv_prog_gnu_ld=yes
lt_cv_prog_gnu_ldcxx=yes
lt_cv_sharedlib_from_linklib_cmd='printf %s\n'
lt_cv_shlibpath_overrides_runpath=no
lt_cv_sys_global_symbol_pipe='sed -n -e '\''s/^.*[	 ]\([ABCDGIRSTW][ABCDGIRSTW]*\)[	 ][	 ]*\([_A-Za-z][_A-Za-z0-9]*\)$/\1 \2 \2/p'\'' | sed '\''/ __gnu_lto/d'\'''
lt_cv_sys_global_symbol_to_c_name_address='sed -n -e '\''s/^: \([^ ]*\)[ ]*$/  {\"\1\", (void *) 0},/p'\'' -e '\''s/^[ABCDGIRSTW]* \([^ ]*\) \([^ ]*\)$/  {"\2", (void *) \&\2},/p'\'''
lt_cv_sys_global_symbol_to_c_name_address_lib_prefix='sed -n -e '\''s/^: \([^ ]*\)[ ]*$/  {\"\1\", (void *) 0},/p'\'' -e '\''s/^[ABCDGIRSTW]* \([^ ]*\) \(lib[^ ]*\)$/  {"\2", (void *) \&\2},/p'\'' -e '\''s/^[ABCDGIRSTW]* \([^ ]*\) \([^ ]*\)$/  {"lib\2", (void *) \&\2},/p'\'''
lt_cv_sys_global_symbol_to_cdecl='sed -n -e '\''s/^T .* \(.*\)$/extern int \1();/p'\'' -e '\''s/^[ABCDGIRSTW]* .* \(.*\)$/extern char \1;/p'\'''
lt_cv_sys_max_cmd_len=805306365
lt_cv_to_host_file_cmd=func_convert_file_noop
lt_cv_to_tool_file_cmd=func_convert_file_noop

## ----------------- ##
## Output variables. ##
## ----------------- ##

ACLOCAL='${SHELL} /home/odroid/RogueSquadran/SnowMix/Snowmix-0.4.2/missing --run aclocal-1.11'
AMDEPBACKSLASH='\'
AMDEP_FALSE='#'
AMDEP_TRUE=''
AMTAR='$${TAR-tar}'
AR='ar'
AUTOCONF='${SHELL} /home/odroid/RogueSquadran/SnowMix/Snowmix-0.4.2/missing --run autoconf'
AUTOHEADER='${SHELL} /home/odroid/RogueSquadran/SnowMix/Snowmix-0.4.2/missing --run autoheader'
AUTOMAKE='${SHELL} /home/odroid/RogueSquadran/SnowMix/Snowmix-0.4.2/missing --run automake-1.11'
AWK='mawk'
CC='gcc'
CCDEPMODE='depmode=gcc3'
CFLAGS='-g -O2'
CPP='gcc -E'
CPPFLAGS=''
CXX='g++'
CXXCPP='g++ -E'
CXXDEPMODE='depmode=gcc3'
CXXFLAGS='-g -O2'
CYGPATH_W='echo'
DEFS='-DPACKAGE_NAME=\"snowmix\" -DPACKAGE_TARNAME=\"snowmix\" -DPACKAGE_VERSION=\"0.1\" -DPACKAGE_STRING=\"snowmix\ 0.1\" -DPACKAGE_BUGREPORT=\"\" -DPACKAGE_URL=\"\" -DPACKAGE=\"snowmix\" -DVERSION=\"0.1\" -DSTDC_HEADERS=1 -DHAVE_SYS_TYPES_H=1 -DHAVE_SYS_STAT_H=1 -DHAVE_STDLIB_H=1 -DHAVE_STRING_H=1 -DHAVE_MEMORY_H=1 -DHAVE_STRINGS_H=1 -DHAVE_INTTYPES_H=1 -DHAVE_STDINT_H=1 -DHAVE_UNISTD_H=1 -DHAVE_DLFCN_H=1 -DLT_OBJDIR=\".libs/\"'
DEPDIR='.deps'
DLLTOOL='false'
DSYMUTIL=''
DUMPBIN=''
ECHO_C=''
ECHO_N='-n'
ECHO_T=''
EGREP='/bin/grep -E'
EXEEXT=''
FGREP='/bin/grep -F'
GREP='/bin/grep'
GSTREAMER_CFLAGS='-pthread -I/usr/include/gstreamer-0.10 -I/usr/include/glib-2.0 -I/usr/lib/i386-linux-gnu/glib-2.0/include -I/usr/include/libxml2 '
GSTREAMER_LIBS='-pthread -lgstreamer-0.10 -lgobject-2.0 -lgmodule-2.0 -lgthread-2.0 -lxml2 -lglib-2.0 '
GTK_PLUS_CFLAGS='-pthread -I/usr/include/gtk-3.0 -I/usr/include/atk-1.0 -I/usr/include/at-spi2-atk/2.0 -I/usr/include/pango-1.0 -I/usr/include/gio-unix-2.0/ -I/usr/include/cairo -I/usr/include/gdk-pixbuf-2.0 -I/usr/include/glib-2.0 -I/usr/lib/i386-linux-gnu/glib-2.0/include -I/usr/include/harfbuzz -I/usr/include/freetype2 -I/usr/include/pixman-1 -I/usr/include/libpng12 '
GTK_PLUS_LIBS='-lgtk-3 -lgdk-3 -latk-1.0 -lgio-2.0 -lpangocairo-1.0 -lgdk_pixbuf-2.0 -lcairo-gobject -lpango-1.0 -lcairo -lgobject-2.0 -lglib-2.0 '
INSTALL_DATA='${INSTALL} -m 644'
INSTALL_PROGRAM='${INSTALL}'
INSTALL_SCRIPT='${INSTALL}'
INSTALL_STRIP_PROGRAM='$(install_sh) -c -s'
LD='/usr/bin/ld'
LDFLAGS=''
LIBOBJS=''
LIBS=''
LIBTOOL='$(SHELL) $(top_builddir)/libtool'
LIPO=''
LN_S='ln -s'
LTLIBOBJS=''
MAKEINFO='${SHELL} /home/odroid/RogueSquadran/SnowMix/Snowmix-0.4.2/missing --run makeinfo'
MANIFEST_TOOL=':'
MKDIR_P='/bin/mkdir -p'
NM='/usr/bin/nm -B'
NMEDIT=''
OBJDUMP='objdump'
OBJEXT='o'
OSMESA_CFLAGS=' '
OSMESA_LIBS='-lOSMesa '
OTOOL64=''
OTOOL=''
PACKAGE='snowmix'
PACKAGE_BUGREPORT=''
PACKAGE_NAME='snowmix'
PACKAGE_STRING='snowmix 0.1'
PACKAGE_TARNAME='snowmix'
PACKAGE_URL=''
PACKAGE_VERSION='0.1'
PANGO_CFLAGS='-pthread -I/usr/include/pango-1.0 -I/usr/include/cairo -I/usr/include/glib-2.0 -I/usr/lib/i386-linux-gnu/glib-2.0/include -I/usr/include/pixman-1 -I/usr/include/freetype2 -I/usr/include/libpng12 '
PANGO_LIBS='-lpangocairo-1.0 -lpango-1.0 -lcairo -lgobject-2.0 -lglib-2.0 '
PATH_SEPARATOR=':'
RANLIB='ranlib'
SDL_LIBS='-L/usr/lib/i386-linux-gnu -lSDL '
SED='/bin/sed'
SET_MAKE=''
SHELL='/bin/bash'
STRIP='strip'
VERSION='0.1'
ac_ct_AR='ar'
ac_ct_CC='gcc'
ac_ct_CXX='g++'
ac_ct_DUMPBIN=''
am__EXEEXT_FALSE=''
am__EXEEXT_TRUE='#'
am__fastdepCC_FALSE='#'
am__fastdepCC_TRUE=''
am__fastdepCXX_FALSE='#'
am__fastdepCXX_TRUE=''
am__include='include'
am__isrc=''
am__leading_dot='.'
am__nodep='_no'
am__quote=''
am__tar='$${TAR-tar} chof - "$$tardir"'
am__untar='$${TAR-tar} xf -'
bindir='${exec_prefix}/bin'
build='i686-pc-linux-gnu'
build_alias=''
build_cpu='i686'
build_os='linux-gnu'
build_vendor='pc'
datadir='${datarootdir}'
datarootdir='${prefix}/share'
docdir='${datarootdir}/doc/${PACKAGE_TARNAME}'
dvidir='${docdir}'
exec_prefix='${prefix}'
host='i686-pc-linux-gnu'
host_alias=''
host_cpu='i686'
host_os='linux-gnu'
host_vendor='pc'
htmldir='${docdir}'
includedir='${prefix}/include'
infodir='${datarootdir}/info'
install_sh='${SHELL} /home/odroid/RogueSquadran/SnowMix/Snowmix-0.4.2/install-sh'
libdir='${exec_prefix}/lib'
libexecdir='${exec_prefix}/libexec'
localedir='${datarootdir}/locale'
localstatedir='${prefix}/var'
mandir='${datarootdir}/man'
mkdir_p='/bin/mkdir -p'
oldincludedir='/usr/include'
pdfdir='${docdir}'
prefix='/usr/local'
program_transform_name='s,x,x,'
psdir='${docdir}'
sbindir='${exec_prefix}/sbin'
sharedstatedir='${prefix}/com'
sysconfdir='${prefix}/etc'
target_alias=''

## ----------- ##
## confdefs.h. ##
## ----------- ##

/* confdefs.h */
#define PACKAGE_NAME "snowmix"
#define PACKAGE_TARNAME "snowmix"
#define PACKAGE_VERSION "0.1"
#define PACKAGE_STRING "snowmix 0.1"
#define PACKAGE_BUGREPORT ""
#define PACKAGE_URL ""
#define PACKAGE "snowmix"
#define VERSION "0.1"
#define STDC_HEADERS 1
#define HAVE_SYS_TYPES_H 1
#define HAVE_SYS_STAT_H 1
#define HAVE_STDLIB_H 1
#define HAVE_STRING_H 1
#define HAVE_MEMORY_H 1
#define HAVE_STRINGS_H 1
#define HAVE_INTTYPES_H 1
#define HAVE_STDINT_H 1
#define HAVE_UNISTD_H 1
#define HAVE_DLFCN_H 1
#define LT_OBJDIR ".libs/"

configure: exit 0

## ---------------------- ##
## Running config.status. ##
## ---------------------- ##

This file was extended by snowmix config.status 0.1, which was
generated by GNU Autoconf 2.69.  Invocation command line was

  CONFIG_FILES    = 
  CONFIG_HEADERS  = 
  CONFIG_LINKS    = 
  CONFIG_COMMANDS = 
  $ ./config.status 

on ubuntu

config.status:1074: creating Makefile
config.status:1074: creating src/Makefile
config.status:1246: executing depfiles commands
config.status:1246: executing libtool commands
