This file contains any messages produced by compilers while
running configure, to aid debugging if configure makes a mistake.

It was created by guvcview configure 1.7.1, which was
generated by GNU Autoconf 2.68.  Invocation command line was

  $ ./configure --prefix=/usr

## --------- ##
## Platform. ##
## --------- ##

hostname = ubuntu
uname -m = i686
uname -r = 3.8.0-19-generic
uname -s = Linux
uname -v = #29-Ubuntu SMP Wed Apr 17 18:19:42 UTC 2013

/usr/bin/uname -p = unknown
/bin/uname -X     = unknown

/bin/arch              = unknown
/usr/bin/arch -k       = unknown
/usr/convex/getsysinfo = unknown
/usr/bin/hostinfo      = unknown
/bin/machine           = unknown
/usr/bin/oslevel       = unknown
/bin/universe          = unknown

PATH: /usr/lib/lightdm/lightdm
PATH: /usr/local/sbin
PATH: /usr/local/bin
PATH: /usr/sbin
PATH: /usr/bin
PATH: /sbin
PATH: /bin
PATH: /usr/games
PATH: /usr/local/games


## ----------- ##
## Core tests. ##
## ----------- ##

configure:2221: checking whether make supports nested variables
configure:2238: result: yes
configure:2295: checking for a BSD-compatible install
configure:2363: result: /usr/bin/install -c
configure:2374: checking whether build environment is sane
configure:2424: result: yes
configure:2565: checking for a thread-safe mkdir -p
configure:2604: result: /bin/mkdir -p
configure:2617: checking for gawk
configure:2647: result: no
configure:2617: checking for mawk
configure:2633: found /usr/bin/mawk
configure:2644: result: mawk
configure:2655: checking whether make sets $(MAKE)
configure:2677: result: yes
configure:2761: checking whether to enable maintainer-specific portions of Makefiles
configure:2770: result: no
configure:2804: checking for style of include used by make
configure:2832: result: GNU
configure:2903: checking for gcc
configure:2919: found /usr/bin/gcc
configure:2930: result: gcc
configure:3159: checking for C compiler version
configure:3168: gcc --version >&5
gcc (Ubuntu/Linaro 4.7.3-1ubuntu1) 4.7.3
Copyright (C) 2012 Free Software Foundation, Inc.
This is free software; see the source for copying conditions.  There is NO
warranty; not even for MERCHANTABILITY or FITNESS FOR A PARTICULAR PURPOSE.

configure:3179: $? = 0
configure:3168: gcc -v >&5
Using built-in specs.
COLLECT_GCC=gcc
COLLECT_LTO_WRAPPER=/usr/lib/gcc/i686-linux-gnu/4.7/lto-wrapper
Target: i686-linux-gnu
Configured with: ../src/configure -v --with-pkgversion='Ubuntu/Linaro 4.7.3-1ubuntu1' --with-bugurl=file:///usr/share/doc/gcc-4.7/README.Bugs --enable-languages=c,c++,go,fortran,objc,obj-c++ --prefix=/usr --program-suffix=-4.7 --enable-shared --enable-linker-build-id --libexecdir=/usr/lib --without-included-gettext --enable-threads=posix --with-gxx-include-dir=/usr/include/c++/4.7 --libdir=/usr/lib --enable-nls --with-sysroot=/ --enable-clocale=gnu --enable-libstdcxx-debug --enable-libstdcxx-time=yes --enable-gnu-unique-object --enable-plugin --with-system-zlib --enable-objc-gc --enable-targets=all --with-cloog --enable-cloog-backend=ppl --disable-cloog-version-check --disable-ppl-version-check --enable-multiarch --disable-werror --with-arch-32=i686 --with-multilib-list=m32,m64,mx32 --with-tune=generic --enable-checking=release --build=i686-linux-gnu --host=i686-linux-gnu --target=i686-linux-gnu
Thread model: posix
gcc version 4.7.3 (Ubuntu/Linaro 4.7.3-1ubuntu1) 
configure:3179: $? = 0
configure:3168: gcc -V >&5
gcc: error: unrecognized command line option '-V'
gcc: fatal error: no input files
compilation terminated.
configure:3179: $? = 4
configure:3168: gcc -qversion >&5
gcc: error: unrecognized command line option '-qversion'
gcc: fatal error: no input files
compilation terminated.
configure:3179: $? = 4
configure:3199: checking whether the C compiler works
configure:3221: gcc    conftest.c  >&5
configure:3225: $? = 0
configure:3273: result: yes
configure:3276: checking for C compiler default output file name
configure:3278: result: a.out
configure:3284: checking for suffix of executables
configure:3291: gcc -o conftest    conftest.c  >&5
configure:3295: $? = 0
configure:3317: result: 
configure:3339: checking whether we are cross compiling
configure:3347: gcc -o conftest    conftest.c  >&5
configure:3351: $? = 0
configure:3358: ./conftest
configure:3362: $? = 0
configure:3377: result: no
configure:3382: checking for suffix of object files
configure:3404: gcc -c   conftest.c >&5
configure:3408: $? = 0
configure:3429: result: o
configure:3433: checking whether we are using the GNU C compiler
configure:3452: gcc -c   conftest.c >&5
configure:3452: $? = 0
configure:3461: result: yes
configure:3470: checking whether gcc accepts -g
configure:3490: gcc -c -g  conftest.c >&5
configure:3490: $? = 0
configure:3531: result: yes
configure:3548: checking for gcc option to accept ISO C89
configure:3612: gcc  -c -g -O2  conftest.c >&5
configure:3612: $? = 0
configure:3625: result: none needed
configure:3647: checking dependency style of gcc
configure:3758: result: gcc3
configure:3774: checking for library containing strerror
configure:3805: gcc -o conftest -g -O2   conftest.c  >&5
configure:3805: $? = 0
configure:3822: result: none required
configure:3878: checking for gcc
configure:3905: result: gcc
configure:4134: checking for C compiler version
configure:4143: gcc --version >&5
gcc (Ubuntu/Linaro 4.7.3-1ubuntu1) 4.7.3
Copyright (C) 2012 Free Software Foundation, Inc.
This is free software; see the source for copying conditions.  There is NO
warranty; not even for MERCHANTABILITY or FITNESS FOR A PARTICULAR PURPOSE.

configure:4154: $? = 0
configure:4143: gcc -v >&5
Using built-in specs.
COLLECT_GCC=gcc
COLLECT_LTO_WRAPPER=/usr/lib/gcc/i686-linux-gnu/4.7/lto-wrapper
Target: i686-linux-gnu
Configured with: ../src/configure -v --with-pkgversion='Ubuntu/Linaro 4.7.3-1ubuntu1' --with-bugurl=file:///usr/share/doc/gcc-4.7/README.Bugs --enable-languages=c,c++,go,fortran,objc,obj-c++ --prefix=/usr --program-suffix=-4.7 --enable-shared --enable-linker-build-id --libexecdir=/usr/lib --without-included-gettext --enable-threads=posix --with-gxx-include-dir=/usr/include/c++/4.7 --libdir=/usr/lib --enable-nls --with-sysroot=/ --enable-clocale=gnu --enable-libstdcxx-debug --enable-libstdcxx-time=yes --enable-gnu-unique-object --enable-plugin --with-system-zlib --enable-objc-gc --enable-targets=all --with-cloog --enable-cloog-backend=ppl --disable-cloog-version-check --disable-ppl-version-check --enable-multiarch --disable-werror --with-arch-32=i686 --with-multilib-list=m32,m64,mx32 --with-tune=generic --enable-checking=release --build=i686-linux-gnu --host=i686-linux-gnu --target=i686-linux-gnu
Thread model: posix
gcc version 4.7.3 (Ubuntu/Linaro 4.7.3-1ubuntu1) 
configure:4154: $? = 0
configure:4143: gcc -V >&5
gcc: error: unrecognized command line option '-V'
gcc: fatal error: no input files
compilation terminated.
configure:4154: $? = 4
configure:4143: gcc -qversion >&5
gcc: error: unrecognized command line option '-qversion'
gcc: fatal error: no input files
compilation terminated.
configure:4154: $? = 4
configure:4158: checking whether we are using the GNU C compiler
configure:4186: result: yes
configure:4195: checking whether gcc accepts -g
configure:4256: result: yes
configure:4273: checking for gcc option to accept ISO C89
configure:4350: result: none needed
configure:4372: checking dependency style of gcc
configure:4483: result: gcc3
configure:4503: checking how to run the C preprocessor
configure:4534: gcc -E  conftest.c
configure:4534: $? = 0
configure:4548: gcc -E  conftest.c
conftest.c:11:28: fatal error: ac_nonexistent.h: No such file or directory
compilation terminated.
configure:4548: $? = 1
configure: failed program was:
| /* confdefs.h */
| #define PACKAGE_NAME "guvcview"
| #define PACKAGE_TARNAME "guvcview"
| #define PACKAGE_VERSION "1.7.1"
| #define PACKAGE_STRING "guvcview 1.7.1"
| #define PACKAGE_BUGREPORT "http://guvcview.sourceforge.net/"
| #define PACKAGE_URL ""
| #define PACKAGE "guvcview"
| #define VERSION "1.7.1"
| /* end confdefs.h.  */
| #include <ac_nonexistent.h>
configure:4573: result: gcc -E
configure:4593: gcc -E  conftest.c
configure:4593: $? = 0
configure:4607: gcc -E  conftest.c
conftest.c:11:28: fatal error: ac_nonexistent.h: No such file or directory
compilation terminated.
configure:4607: $? = 1
configure: failed program was:
| /* confdefs.h */
| #define PACKAGE_NAME "guvcview"
| #define PACKAGE_TARNAME "guvcview"
| #define PACKAGE_VERSION "1.7.1"
| #define PACKAGE_STRING "guvcview 1.7.1"
| #define PACKAGE_BUGREPORT "http://guvcview.sourceforge.net/"
| #define PACKAGE_URL ""
| #define PACKAGE "guvcview"
| #define VERSION "1.7.1"
| /* end confdefs.h.  */
| #include <ac_nonexistent.h>
configure:4636: checking for grep that handles long lines and -e
configure:4694: result: /bin/grep
configure:4699: checking for egrep
configure:4761: result: /bin/grep -E
configure:4766: checking for ANSI C header files
configure:4786: gcc -c -g -O2  conftest.c >&5
configure:4786: $? = 0
configure:4859: gcc -o conftest -g -O2   conftest.c  >&5
configure:4859: $? = 0
configure:4859: ./conftest
configure:4859: $? = 0
configure:4870: result: yes
configure:4899: result: no
configure:4922: checking whether NLS is requested
configure:4931: result: yes
configure:4946: checking for intltool >= 0.40
configure:4953: result: 0.50.2 found
configure:4961: checking for intltool-update
configure:4979: found /usr/bin/intltool-update
configure:4991: result: /usr/bin/intltool-update
configure:5001: checking for intltool-merge
configure:5019: found /usr/bin/intltool-merge
configure:5031: result: /usr/bin/intltool-merge
configure:5041: checking for intltool-extract
configure:5059: found /usr/bin/intltool-extract
configure:5071: result: /usr/bin/intltool-extract
configure:5202: checking for xgettext
configure:5220: found /usr/bin/xgettext
configure:5232: result: /usr/bin/xgettext
configure:5242: checking for msgmerge
configure:5260: found /usr/bin/msgmerge
configure:5272: result: /usr/bin/msgmerge
configure:5282: checking for msgfmt
configure:5300: found /usr/bin/msgfmt
configure:5312: result: /usr/bin/msgfmt
configure:5322: checking for gmsgfmt
configure:5353: result: /usr/bin/msgfmt
configure:5373: checking for perl
configure:5391: found /usr/bin/perl
configure:5403: result: /usr/bin/perl
configure:5414: checking for perl >= 5.8.1
configure:5421: result: 5.14.2
configure:5425: checking for XML::Parser
configure:5428: result: ok
configure:5453: gcc -o conftest -g -O2   conftest.c  >&5
configure:5453: $? = 0
configure:5486: checking for sys/types.h
configure:5486: gcc -c -g -O2  conftest.c >&5
configure:5486: $? = 0
configure:5486: result: yes
configure:5486: checking for sys/stat.h
configure:5486: gcc -c -g -O2  conftest.c >&5
configure:5486: $? = 0
configure:5486: result: yes
configure:5486: checking for stdlib.h
configure:5486: gcc -c -g -O2  conftest.c >&5
configure:5486: $? = 0
configure:5486: result: yes
configure:5486: checking for string.h
configure:5486: gcc -c -g -O2  conftest.c >&5
configure:5486: $? = 0
configure:5486: result: yes
configure:5486: checking for memory.h
configure:5486: gcc -c -g -O2  conftest.c >&5
configure:5486: $? = 0
configure:5486: result: yes
configure:5486: checking for strings.h
configure:5486: gcc -c -g -O2  conftest.c >&5
configure:5486: $? = 0
configure:5486: result: yes
configure:5486: checking for inttypes.h
configure:5486: gcc -c -g -O2  conftest.c >&5
configure:5486: $? = 0
configure:5486: result: yes
configure:5486: checking for stdint.h
configure:5486: gcc -c -g -O2  conftest.c >&5
configure:5486: $? = 0
configure:5486: result: yes
configure:5486: checking for unistd.h
configure:5486: gcc -c -g -O2  conftest.c >&5
configure:5486: $? = 0
configure:5486: result: yes
configure:5501: checking locale.h usability
configure:5501: gcc -c -g -O2  conftest.c >&5
configure:5501: $? = 0
configure:5501: result: yes
configure:5501: checking locale.h presence
configure:5501: gcc -E  conftest.c
configure:5501: $? = 0
configure:5501: result: yes
configure:5501: checking for locale.h
configure:5501: result: yes
configure:5512: checking for LC_MESSAGES
configure:5528: gcc -o conftest -g -O2   conftest.c  >&5
configure:5528: $? = 0
configure:5536: result: yes
configure:5553: checking libintl.h usability
configure:5553: gcc -c -g -O2  conftest.c >&5
configure:5553: $? = 0
configure:5553: result: yes
configure:5553: checking libintl.h presence
configure:5553: gcc -E  conftest.c
configure:5553: $? = 0
configure:5553: result: yes
configure:5553: checking for libintl.h
configure:5553: result: yes
configure:5561: checking for ngettext in libc
configure:5579: gcc -o conftest -g -O2   conftest.c  >&5
configure:5579: $? = 0
configure:5588: result: yes
configure:5592: checking for dgettext in libc
configure:5610: gcc -o conftest -g -O2   conftest.c  >&5
configure:5610: $? = 0
configure:5619: result: yes
configure:5626: checking for bind_textdomain_codeset
configure:5626: gcc -o conftest -g -O2   conftest.c  >&5
configure:5626: $? = 0
configure:5626: result: yes
configure:5902: checking for msgfmt
configure:5929: result: /usr/bin/msgfmt
configure:5940: checking for dcgettext
configure:5940: gcc -o conftest -g -O2   conftest.c   >&5
conftest.c:49:6: warning: conflicting types for built-in function 'dcgettext' [enabled by default]
configure:5940: $? = 0
configure:5940: result: yes
configure:5950: checking if msgfmt accepts -c
configure:5965: $MSGFMT -c -o /dev/null conftest.foo
configure:5968: $? = 0
configure:5970: result: yes
configure:5980: checking for gmsgfmt
configure:6011: result: /usr/bin/msgfmt
configure:6021: checking for xgettext
configure:6048: result: /usr/bin/xgettext
configure:6067: gcc -o conftest -g -O2   conftest.c   >&5
configure:6067: $? = 0
configure:6149: checking for catalogs to be installed
configure:6174: result:  bg bs cs da de en_AU es eu fo fr gl he hr it ja lv nl pl pt pt_BR ru si sr tr uk zh_TW
configure:6261: checking for pkg-config
configure:6279: found /usr/bin/pkg-config
configure:6291: result: /usr/bin/pkg-config
configure:6316: checking pkg-config is at least version 0.9.0
configure:6319: result: yes
configure:6329: checking for DEPS
configure:6336: $PKG_CONFIG --exists --print-errors "gtk+-3.0 >= 3.0.0 glib-2.0 >= 2.10.0 sdl >= 1.2.10 portaudio-2.0 libpng libavcodec libavutil libv4l2 libudev"
configure:6339: $? = 0
configure:6353: $PKG_CONFIG --exists --print-errors "gtk+-3.0 >= 3.0.0 glib-2.0 >= 2.10.0 sdl >= 1.2.10 portaudio-2.0 libpng libavcodec libavutil libv4l2 libudev"
configure:6356: $? = 0
configure:6414: result: yes
configure:6421: checking if you want to enable debian menu
configure:6431: result: yes
configure:6443: checking if you want to enable desktop file
configure:6453: result: yes
configure:6465: checking if you want to enable pulse support
configure:6475: result: yes
configure:6481: checking for PULSE
configure:6488: $PKG_CONFIG --exists --print-errors "libpulse >= 0.9.15"
configure:6491: $? = 0
configure:6505: $PKG_CONFIG --exists --print-errors "libpulse >= 0.9.15"
configure:6508: $? = 0
configure:6546: result: yes
configure:6564: checking avcodec.h usability
configure:6564: gcc -c -g -O2  conftest.c >&5
conftest.c:62:21: fatal error: avcodec.h: No such file or directory
compilation terminated.
configure:6564: $? = 1
configure: failed program was:
| /* confdefs.h */
| #define PACKAGE_NAME "guvcview"
| #define PACKAGE_TARNAME "guvcview"
| #define PACKAGE_VERSION "1.7.1"
| #define PACKAGE_STRING "guvcview 1.7.1"
| #define PACKAGE_BUGREPORT "http://guvcview.sourceforge.net/"
| #define PACKAGE_URL ""
| #define PACKAGE "guvcview"
| #define VERSION "1.7.1"
| #define STDC_HEADERS 1
| #define GETTEXT_PACKAGE "guvcview"
| #define HAVE_SYS_TYPES_H 1
| #define HAVE_SYS_STAT_H 1
| #define HAVE_STDLIB_H 1
| #define HAVE_STRING_H 1
| #define HAVE_MEMORY_H 1
| #define HAVE_STRINGS_H 1
| #define HAVE_INTTYPES_H 1
| #define HAVE_STDINT_H 1
| #define HAVE_UNISTD_H 1
| #define HAVE_LOCALE_H 1
| #define HAVE_LC_MESSAGES 1
| #define HAVE_BIND_TEXTDOMAIN_CODESET 1
| #define HAVE_GETTEXT 1
| #define HAVE_DCGETTEXT 1
| #define ENABLE_NLS 1
| #define PULSEAUDIO 1
| /* end confdefs.h.  */
| #include <stdio.h>
| #ifdef HAVE_SYS_TYPES_H
| # include <sys/types.h>
| #endif
| #ifdef HAVE_SYS_STAT_H
| # include <sys/stat.h>
| #endif
| #ifdef STDC_HEADERS
| # include <stdlib.h>
| # include <stddef.h>
| #else
| # ifdef HAVE_STDLIB_H
| #  include <stdlib.h>
| # endif
| #endif
| #ifdef HAVE_STRING_H
| # if !defined STDC_HEADERS && defined HAVE_MEMORY_H
| #  include <memory.h>
| # endif
| # include <string.h>
| #endif
| #ifdef HAVE_STRINGS_H
| # include <strings.h>
| #endif
| #ifdef HAVE_INTTYPES_H
| # include <inttypes.h>
| #endif
| #ifdef HAVE_STDINT_H
| # include <stdint.h>
| #endif
| #ifdef HAVE_UNISTD_H
| # include <unistd.h>
| #endif
| #include <avcodec.h>
configure:6564: result: no
configure:6564: checking avcodec.h presence
configure:6564: gcc -E  conftest.c
conftest.c:29:21: fatal error: avcodec.h: No such file or directory
compilation terminated.
configure:6564: $? = 1
configure: failed program was:
| /* confdefs.h */
| #define PACKAGE_NAME "guvcview"
| #define PACKAGE_TARNAME "guvcview"
| #define PACKAGE_VERSION "1.7.1"
| #define PACKAGE_STRING "guvcview 1.7.1"
| #define PACKAGE_BUGREPORT "http://guvcview.sourceforge.net/"
| #define PACKAGE_URL ""
| #define PACKAGE "guvcview"
| #define VERSION "1.7.1"
| #define STDC_HEADERS 1
| #define GETTEXT_PACKAGE "guvcview"
| #define HAVE_SYS_TYPES_H 1
| #define HAVE_SYS_STAT_H 1
| #define HAVE_STDLIB_H 1
| #define HAVE_STRING_H 1
| #define HAVE_MEMORY_H 1
| #define HAVE_STRINGS_H 1
| #define HAVE_INTTYPES_H 1
| #define HAVE_STDINT_H 1
| #define HAVE_UNISTD_H 1
| #define HAVE_LOCALE_H 1
| #define HAVE_LC_MESSAGES 1
| #define HAVE_BIND_TEXTDOMAIN_CODESET 1
| #define HAVE_GETTEXT 1
| #define HAVE_DCGETTEXT 1
| #define ENABLE_NLS 1
| #define PULSEAUDIO 1
| /* end confdefs.h.  */
| #include <avcodec.h>
configure:6564: result: no
configure:6564: checking for avcodec.h
configure:6564: result: no
configure:6571: checking ffmpeg/avcodec.h usability
configure:6571: gcc -c -g -O2  conftest.c >&5
conftest.c:62:28: fatal error: ffmpeg/avcodec.h: No such file or directory
compilation terminated.
configure:6571: $? = 1
configure: failed program was:
| /* confdefs.h */
| #define PACKAGE_NAME "guvcview"
| #define PACKAGE_TARNAME "guvcview"
| #define PACKAGE_VERSION "1.7.1"
| #define PACKAGE_STRING "guvcview 1.7.1"
| #define PACKAGE_BUGREPORT "http://guvcview.sourceforge.net/"
| #define PACKAGE_URL ""
| #define PACKAGE "guvcview"
| #define VERSION "1.7.1"
| #define STDC_HEADERS 1
| #define GETTEXT_PACKAGE "guvcview"
| #define HAVE_SYS_TYPES_H 1
| #define HAVE_SYS_STAT_H 1
| #define HAVE_STDLIB_H 1
| #define HAVE_STRING_H 1
| #define HAVE_MEMORY_H 1
| #define HAVE_STRINGS_H 1
| #define HAVE_INTTYPES_H 1
| #define HAVE_STDINT_H 1
| #define HAVE_UNISTD_H 1
| #define HAVE_LOCALE_H 1
| #define HAVE_LC_MESSAGES 1
| #define HAVE_BIND_TEXTDOMAIN_CODESET 1
| #define HAVE_GETTEXT 1
| #define HAVE_DCGETTEXT 1
| #define ENABLE_NLS 1
| #define PULSEAUDIO 1
| /* end confdefs.h.  */
| #include <stdio.h>
| #ifdef HAVE_SYS_TYPES_H
| # include <sys/types.h>
| #endif
| #ifdef HAVE_SYS_STAT_H
| # include <sys/stat.h>
| #endif
| #ifdef STDC_HEADERS
| # include <stdlib.h>
| # include <stddef.h>
| #else
| # ifdef HAVE_STDLIB_H
| #  include <stdlib.h>
| # endif
| #endif
| #ifdef HAVE_STRING_H
| # if !defined STDC_HEADERS && defined HAVE_MEMORY_H
| #  include <memory.h>
| # endif
| # include <string.h>
| #endif
| #ifdef HAVE_STRINGS_H
| # include <strings.h>
| #endif
| #ifdef HAVE_INTTYPES_H
| # include <inttypes.h>
| #endif
| #ifdef HAVE_STDINT_H
| # include <stdint.h>
| #endif
| #ifdef HAVE_UNISTD_H
| # include <unistd.h>
| #endif
| #include <ffmpeg/avcodec.h>
configure:6571: result: no
configure:6571: checking ffmpeg/avcodec.h presence
configure:6571: gcc -E  conftest.c
conftest.c:29:28: fatal error: ffmpeg/avcodec.h: No such file or directory
compilation terminated.
configure:6571: $? = 1
configure: failed program was:
| /* confdefs.h */
| #define PACKAGE_NAME "guvcview"
| #define PACKAGE_TARNAME "guvcview"
| #define PACKAGE_VERSION "1.7.1"
| #define PACKAGE_STRING "guvcview 1.7.1"
| #define PACKAGE_BUGREPORT "http://guvcview.sourceforge.net/"
| #define PACKAGE_URL ""
| #define PACKAGE "guvcview"
| #define VERSION "1.7.1"
| #define STDC_HEADERS 1
| #define GETTEXT_PACKAGE "guvcview"
| #define HAVE_SYS_TYPES_H 1
| #define HAVE_SYS_STAT_H 1
| #define HAVE_STDLIB_H 1
| #define HAVE_STRING_H 1
| #define HAVE_MEMORY_H 1
| #define HAVE_STRINGS_H 1
| #define HAVE_INTTYPES_H 1
| #define HAVE_STDINT_H 1
| #define HAVE_UNISTD_H 1
| #define HAVE_LOCALE_H 1
| #define HAVE_LC_MESSAGES 1
| #define HAVE_BIND_TEXTDOMAIN_CODESET 1
| #define HAVE_GETTEXT 1
| #define HAVE_DCGETTEXT 1
| #define ENABLE_NLS 1
| #define PULSEAUDIO 1
| /* end confdefs.h.  */
| #include <ffmpeg/avcodec.h>
configure:6571: result: no
configure:6571: checking for ffmpeg/avcodec.h
configure:6571: result: no
configure:6578: checking libavcodec/avcodec.h usability
configure:6578: gcc -c -g -O2  conftest.c >&5
configure:6578: $? = 0
configure:6578: result: yes
configure:6578: checking libavcodec/avcodec.h presence
configure:6578: gcc -E  conftest.c
configure:6578: $? = 0
configure:6578: result: yes
configure:6578: checking for libavcodec/avcodec.h
configure:6578: result: yes
configure:6601: checking whether byte ordering is bigendian
configure:6616: gcc -c -g -O2  conftest.c >&5
conftest.c:31:9: error: unknown type name 'not'
conftest.c:31:15: error: expected '=', ',', ';', 'asm' or '__attribute__' before 'universal'
conftest.c:31:15: error: unknown type name 'universal'
configure:6616: $? = 1
configure: failed program was:
| /* confdefs.h */
| #define PACKAGE_NAME "guvcview"
| #define PACKAGE_TARNAME "guvcview"
| #define PACKAGE_VERSION "1.7.1"
| #define PACKAGE_STRING "guvcview 1.7.1"
| #define PACKAGE_BUGREPORT "http://guvcview.sourceforge.net/"
| #define PACKAGE_URL ""
| #define PACKAGE "guvcview"
| #define VERSION "1.7.1"
| #define STDC_HEADERS 1
| #define GETTEXT_PACKAGE "guvcview"
| #define HAVE_SYS_TYPES_H 1
| #define HAVE_SYS_STAT_H 1
| #define HAVE_STDLIB_H 1
| #define HAVE_STRING_H 1
| #define HAVE_MEMORY_H 1
| #define HAVE_STRINGS_H 1
| #define HAVE_INTTYPES_H 1
| #define HAVE_STDINT_H 1
| #define HAVE_UNISTD_H 1
| #define HAVE_LOCALE_H 1
| #define HAVE_LC_MESSAGES 1
| #define HAVE_BIND_TEXTDOMAIN_CODESET 1
| #define HAVE_GETTEXT 1
| #define HAVE_DCGETTEXT 1
| #define ENABLE_NLS 1
| #define PULSEAUDIO 1
| #define HAS_LIBAVCODEC_AVCODEC_H 1
| /* end confdefs.h.  */
| #ifndef __APPLE_CC__
| 	       not a universal capable compiler
| 	     #endif
| 	     typedef int dummy;
| 
configure:6661: gcc -c -g -O2  conftest.c >&5
configure:6661: $? = 0
configure:6679: gcc -c -g -O2  conftest.c >&5
conftest.c: In function 'main':
conftest.c:37:4: error: unknown type name 'not'
conftest.c:37:12: error: expected '=', ',', ';', 'asm' or '__attribute__' before 'endian'
configure:6679: $? = 1
configure: failed program was:
| /* confdefs.h */
| #define PACKAGE_NAME "guvcview"
| #define PACKAGE_TARNAME "guvcview"
| #define PACKAGE_VERSION "1.7.1"
| #define PACKAGE_STRING "guvcview 1.7.1"
| #define PACKAGE_BUGREPORT "http://guvcview.sourceforge.net/"
| #define PACKAGE_URL ""
| #define PACKAGE "guvcview"
| #define VERSION "1.7.1"
| #define STDC_HEADERS 1
| #define GETTEXT_PACKAGE "guvcview"
| #define HAVE_SYS_TYPES_H 1
| #define HAVE_SYS_STAT_H 1
| #define HAVE_STDLIB_H 1
| #define HAVE_STRING_H 1
| #define HAVE_MEMORY_H 1
| #define HAVE_STRINGS_H 1
| #define HAVE_INTTYPES_H 1
| #define HAVE_STDINT_H 1
| #define HAVE_UNISTD_H 1
| #define HAVE_LOCALE_H 1
| #define HAVE_LC_MESSAGES 1
| #define HAVE_BIND_TEXTDOMAIN_CODESET 1
| #define HAVE_GETTEXT 1
| #define HAVE_DCGETTEXT 1
| #define ENABLE_NLS 1
| #define PULSEAUDIO 1
| #define HAS_LIBAVCODEC_AVCODEC_H 1
| /* end confdefs.h.  */
| #include <sys/types.h>
| 		#include <sys/param.h>
| 
| int
| main ()
| {
| #if BYTE_ORDER != BIG_ENDIAN
| 		 not big endian
| 		#endif
| 
|   ;
|   return 0;
| }
configure:6807: result: no
configure:6893: updating cache config.cache
configure:6979: creating ./config.status

## ---------------------- ##
## Running config.status. ##
## ---------------------- ##

This file was extended by guvcview config.status 1.7.1, which was
generated by GNU Autoconf 2.68.  Invocation command line was

  CONFIG_FILES    = 
  CONFIG_HEADERS  = 
  CONFIG_LINKS    = 
  CONFIG_COMMANDS = 
  $ ./config.status 

on ubuntu

config.status:961: creating Makefile
config.status:961: creating data/Makefile
config.status:961: creating data/icons/Makefile
config.status:961: creating data/guvcview.desktop.in
config.status:961: creating data/guvcview.in
config.status:961: creating po/Makefile.in
config.status:961: creating src/Makefile
config.status:961: creating config.h
config.status:1142: config.h is unchanged
config.status:1190: executing depfiles commands
config.status:1190: executing default-1 commands
config.status:1190: executing po/stamp-it commands
configure:8356:

  guvcview 1.7.1
  ----------------------

  Prefix         : /usr

  Pulse API      : yes

  Desktop File   : yes
  Debian Menu    : yes

  Debug Symbols  : no



## ---------------- ##
## Cache variables. ##
## ---------------- ##

ac_cv_c_bigendian=no
ac_cv_c_compiler_gnu=yes
ac_cv_env_CC_set=
ac_cv_env_CC_value=
ac_cv_env_CFLAGS_set=
ac_cv_env_CFLAGS_value=
ac_cv_env_CPPFLAGS_set=
ac_cv_env_CPPFLAGS_value=
ac_cv_env_CPP_set=
ac_cv_env_CPP_value=
ac_cv_env_DEPS_CFLAGS_set=
ac_cv_env_DEPS_CFLAGS_value=
ac_cv_env_DEPS_LIBS_set=
ac_cv_env_DEPS_LIBS_value=
ac_cv_env_LDFLAGS_set=
ac_cv_env_LDFLAGS_value=
ac_cv_env_LIBS_set=
ac_cv_env_LIBS_value=
ac_cv_env_PKG_CONFIG_LIBDIR_set=
ac_cv_env_PKG_CONFIG_LIBDIR_value=
ac_cv_env_PKG_CONFIG_PATH_set=
ac_cv_env_PKG_CONFIG_PATH_value=
ac_cv_env_PKG_CONFIG_set=
ac_cv_env_PKG_CONFIG_value=
ac_cv_env_PULSE_CFLAGS_set=
ac_cv_env_PULSE_CFLAGS_value=
ac_cv_env_PULSE_LIBS_set=
ac_cv_env_PULSE_LIBS_value=
ac_cv_env_build_alias_set=
ac_cv_env_build_alias_value=
ac_cv_env_host_alias_set=
ac_cv_env_host_alias_value=
ac_cv_env_target_alias_set=
ac_cv_env_target_alias_value=
ac_cv_func_bind_textdomain_codeset=yes
ac_cv_func_dcgettext=yes
ac_cv_header_avcodec_h=no
ac_cv_header_ffmpeg_avcodec_h=no
ac_cv_header_inttypes_h=yes
ac_cv_header_libavcodec_avcodec_h=yes
ac_cv_header_libintl_h=yes
ac_cv_header_locale_h=yes
ac_cv_header_memory_h=yes
ac_cv_header_stdc=yes
ac_cv_header_stdint_h=yes
ac_cv_header_stdlib_h=yes
ac_cv_header_string_h=yes
ac_cv_header_strings_h=yes
ac_cv_header_sys_stat_h=yes
ac_cv_header_sys_types_h=yes
ac_cv_header_unistd_h=yes
ac_cv_objext=o
ac_cv_path_EGREP='/bin/grep -E'
ac_cv_path_GMSGFMT=/usr/bin/msgfmt
ac_cv_path_GREP=/bin/grep
ac_cv_path_INTLTOOL_EXTRACT=/usr/bin/intltool-extract
ac_cv_path_INTLTOOL_MERGE=/usr/bin/intltool-merge
ac_cv_path_INTLTOOL_PERL=/usr/bin/perl
ac_cv_path_INTLTOOL_UPDATE=/usr/bin/intltool-update
ac_cv_path_MSGFMT=/usr/bin/msgfmt
ac_cv_path_MSGMERGE=/usr/bin/msgmerge
ac_cv_path_XGETTEXT=/usr/bin/xgettext
ac_cv_path_ac_pt_PKG_CONFIG=/usr/bin/pkg-config
ac_cv_path_install='/usr/bin/install -c'
ac_cv_path_mkdir=/bin/mkdir
ac_cv_prog_AWK=mawk
ac_cv_prog_CPP='gcc -E'
ac_cv_prog_ac_ct_CC=gcc
ac_cv_prog_cc_c89=
ac_cv_prog_cc_g=yes
ac_cv_prog_make_make_set=yes
ac_cv_search_strerror='none required'
am_cv_CC_dependencies_compiler_type=gcc3
am_cv_make_support_nested_variables=yes
am_cv_val_LC_MESSAGES=yes
gt_cv_func_dgettext_libc=yes
gt_cv_func_dgettext_libintl=no
gt_cv_func_ngettext_libc=yes
gt_cv_have_gettext=yes
pkg_cv_DEPS_CFLAGS='-pthread -D_GNU_SOURCE=1 -D_REENTRANT -I/usr/include/gtk-3.0 -I/usr/include/atk-1.0 -I/usr/include/at-spi2-atk/2.0 -I/usr/include/pango-1.0 -I/usr/include/gio-unix-2.0/ -I/usr/include/cairo -I/usr/include/gdk-pixbuf-2.0 -I/usr/include/glib-2.0 -I/usr/lib/i386-linux-gnu/glib-2.0/include -I/usr/include/harfbuzz -I/usr/include/freetype2 -I/usr/include/pixman-1 -I/usr/include/libpng12 -I/usr/include/SDL  '
pkg_cv_DEPS_LIBS='-lgtk-3 -lgdk-3 -latk-1.0 -lgio-2.0 -lpangocairo-1.0 -lgdk_pixbuf-2.0 -lcairo-gobject -lpango-1.0 -lcairo -lgobject-2.0 -lglib-2.0 -lSDL -lportaudio -lasound -lm -lpthread -lpng12 -lavcodec -lavutil -lv4l2 -ludev -lrt  '
pkg_cv_PULSE_CFLAGS='-D_REENTRANT  '
pkg_cv_PULSE_LIBS='-lpulse  '

## ----------------- ##
## Output variables. ##
## ----------------- ##

ACLOCAL='${SHELL} /home/odroid/RogueSquadran/GUVCVIEW/guvcview-src-1.7.1/missing --run aclocal-1.11'
ALL_LINGUAS='bg bs cs da de en_AU es eu fo fr gl he hr it ja lv nl pl pt pt_BR ru si sr tr uk zh_TW'
AMDEPBACKSLASH='\'
AMDEP_FALSE='#'
AMDEP_TRUE=''
AMTAR='$${TAR-tar}'
AM_BACKSLASH='\'
AM_DEFAULT_V='$(AM_DEFAULT_VERBOSITY)'
AM_DEFAULT_VERBOSITY='0'
AM_V='$(V)'
AUTOCONF='${SHELL} /home/odroid/RogueSquadran/GUVCVIEW/guvcview-src-1.7.1/missing --run autoconf'
AUTOHEADER='${SHELL} /home/odroid/RogueSquadran/GUVCVIEW/guvcview-src-1.7.1/missing --run autoheader'
AUTOMAKE='${SHELL} /home/odroid/RogueSquadran/GUVCVIEW/guvcview-src-1.7.1/missing --run automake-1.11'
AWK='mawk'
CATALOGS=' bg.gmo bs.gmo cs.gmo da.gmo de.gmo en_AU.gmo es.gmo eu.gmo fo.gmo fr.gmo gl.gmo he.gmo hr.gmo it.gmo ja.gmo lv.gmo nl.gmo pl.gmo pt.gmo pt_BR.gmo ru.gmo si.gmo sr.gmo tr.gmo uk.gmo zh_TW.gmo'
CATOBJEXT='.gmo'
CC='gcc'
CCDEPMODE='depmode=gcc3'
CFLAGS='-g -O2'
CPP='gcc -E'
CPPFLAGS=''
CYGPATH_W='echo'
DATADIRNAME='share'
DEBIAN_MENU_FALSE='#'
DEBIAN_MENU_TRUE=''
DEFS='-DHAVE_CONFIG_H'
DEPDIR='.deps'
DEPS_CFLAGS='-pthread -D_GNU_SOURCE=1 -D_REENTRANT -I/usr/include/gtk-3.0 -I/usr/include/atk-1.0 -I/usr/include/at-spi2-atk/2.0 -I/usr/include/pango-1.0 -I/usr/include/gio-unix-2.0/ -I/usr/include/cairo -I/usr/include/gdk-pixbuf-2.0 -I/usr/include/glib-2.0 -I/usr/lib/i386-linux-gnu/glib-2.0/include -I/usr/include/harfbuzz -I/usr/include/freetype2 -I/usr/include/pixman-1 -I/usr/include/libpng12 -I/usr/include/SDL  '
DEPS_LIBS='-lgtk-3 -lgdk-3 -latk-1.0 -lgio-2.0 -lpangocairo-1.0 -lgdk_pixbuf-2.0 -lcairo-gobject -lpango-1.0 -lcairo -lgobject-2.0 -lglib-2.0 -lSDL -lportaudio -lasound -lm -lpthread -lpng12 -lavcodec -lavutil -lv4l2 -ludev -lrt  '
DESKTOP_FALSE='#'
DESKTOP_TRUE=''
ECHO_C=''
ECHO_N='-n'
ECHO_T=''
EGREP='/bin/grep -E'
EXEEXT=''
GETTEXT_PACKAGE='guvcview'
GMOFILES=' bg.gmo bs.gmo cs.gmo da.gmo de.gmo en_AU.gmo es.gmo eu.gmo fo.gmo fr.gmo gl.gmo he.gmo hr.gmo it.gmo ja.gmo lv.gmo nl.gmo pl.gmo pt.gmo pt_BR.gmo ru.gmo si.gmo sr.gmo tr.gmo uk.gmo zh_TW.gmo'
GMSGFMT='/usr/bin/msgfmt'
GREP='/bin/grep'
INSTALL_DATA='${INSTALL} -m 644'
INSTALL_PROGRAM='${INSTALL}'
INSTALL_SCRIPT='${INSTALL}'
INSTALL_STRIP_PROGRAM='$(install_sh) -c -s'
INSTOBJEXT='.mo'
INTLLIBS=''
INTLTOOL_CAVES_RULE='%.caves:     %.caves.in     $(INTLTOOL_MERGE) $(wildcard $(top_srcdir)/po/*.po) ; LC_ALL=C $(INTLTOOL_MERGE) -d -u -c $(top_builddir)/po/.intltool-merge-cache $(top_srcdir)/po $< $@'
INTLTOOL_DESKTOP_RULE='%.desktop:   %.desktop.in   $(INTLTOOL_MERGE) $(wildcard $(top_srcdir)/po/*.po) ; LC_ALL=C $(INTLTOOL_MERGE) -d -u -c $(top_builddir)/po/.intltool-merge-cache $(top_srcdir)/po $< $@'
INTLTOOL_DIRECTORY_RULE='%.directory: %.directory.in $(INTLTOOL_MERGE) $(wildcard $(top_srcdir)/po/*.po) ; LC_ALL=C $(INTLTOOL_MERGE) -d -u -c $(top_builddir)/po/.intltool-merge-cache $(top_srcdir)/po $< $@'
INTLTOOL_EXTRACT='/usr/bin/intltool-extract'
INTLTOOL_KBD_RULE='%.kbd:       %.kbd.in       $(INTLTOOL_MERGE) $(wildcard $(top_srcdir)/po/*.po) ; LC_ALL=C $(INTLTOOL_MERGE) -x -u -m -c $(top_builddir)/po/.intltool-merge-cache $(top_srcdir)/po $< $@'
INTLTOOL_KEYS_RULE='%.keys:      %.keys.in      $(INTLTOOL_MERGE) $(wildcard $(top_srcdir)/po/*.po) ; LC_ALL=C $(INTLTOOL_MERGE) -k -u -c $(top_builddir)/po/.intltool-merge-cache $(top_srcdir)/po $< $@'
INTLTOOL_MERGE='/usr/bin/intltool-merge'
INTLTOOL_OAF_RULE='%.oaf:       %.oaf.in       $(INTLTOOL_MERGE) $(wildcard $(top_srcdir)/po/*.po) ; LC_ALL=C $(INTLTOOL_MERGE) -o -p $(top_srcdir)/po $< $@'
INTLTOOL_PERL='/usr/bin/perl'
INTLTOOL_POLICY_RULE='%.policy:    %.policy.in    $(INTLTOOL_MERGE) $(wildcard $(top_srcdir)/po/*.po) ; LC_ALL=C $(INTLTOOL_MERGE) -x -u -c $(top_builddir)/po/.intltool-merge-cache $(top_srcdir)/po $< $@'
INTLTOOL_PONG_RULE='%.pong:      %.pong.in      $(INTLTOOL_MERGE) $(wildcard $(top_srcdir)/po/*.po) ; LC_ALL=C $(INTLTOOL_MERGE) -x -u -c $(top_builddir)/po/.intltool-merge-cache $(top_srcdir)/po $< $@'
INTLTOOL_PROP_RULE='%.prop:      %.prop.in      $(INTLTOOL_MERGE) $(wildcard $(top_srcdir)/po/*.po) ; LC_ALL=C $(INTLTOOL_MERGE) -d -u -c $(top_builddir)/po/.intltool-merge-cache $(top_srcdir)/po $< $@'
INTLTOOL_SCHEMAS_RULE='%.schemas:   %.schemas.in   $(INTLTOOL_MERGE) $(wildcard $(top_srcdir)/po/*.po) ; LC_ALL=C $(INTLTOOL_MERGE) -s -u -c $(top_builddir)/po/.intltool-merge-cache $(top_srcdir)/po $< $@'
INTLTOOL_SERVER_RULE='%.server:    %.server.in    $(INTLTOOL_MERGE) $(wildcard $(top_srcdir)/po/*.po) ; LC_ALL=C $(INTLTOOL_MERGE) -o -u -c $(top_builddir)/po/.intltool-merge-cache $(top_srcdir)/po $< $@'
INTLTOOL_SERVICE_RULE='%.service: %.service.in   $(INTLTOOL_MERGE) $(wildcard $(top_srcdir)/po/*.po) ; LC_ALL=C $(INTLTOOL_MERGE) -d -u -c $(top_builddir)/po/.intltool-merge-cache $(top_srcdir)/po $< $@'
INTLTOOL_SHEET_RULE='%.sheet:     %.sheet.in     $(INTLTOOL_MERGE) $(wildcard $(top_srcdir)/po/*.po) ; LC_ALL=C $(INTLTOOL_MERGE) -x -u -c $(top_builddir)/po/.intltool-merge-cache $(top_srcdir)/po $< $@'
INTLTOOL_SOUNDLIST_RULE='%.soundlist: %.soundlist.in $(INTLTOOL_MERGE) $(wildcard $(top_srcdir)/po/*.po) ; LC_ALL=C $(INTLTOOL_MERGE) -d -u -c $(top_builddir)/po/.intltool-merge-cache $(top_srcdir)/po $< $@'
INTLTOOL_THEME_RULE='%.theme:     %.theme.in     $(INTLTOOL_MERGE) $(wildcard $(top_srcdir)/po/*.po) ; LC_ALL=C $(INTLTOOL_MERGE) -d -u -c $(top_builddir)/po/.intltool-merge-cache $(top_srcdir)/po $< $@'
INTLTOOL_UI_RULE='%.ui:        %.ui.in        $(INTLTOOL_MERGE) $(wildcard $(top_srcdir)/po/*.po) ; LC_ALL=C $(INTLTOOL_MERGE) -x -u -c $(top_builddir)/po/.intltool-merge-cache $(top_srcdir)/po $< $@'
INTLTOOL_UPDATE='/usr/bin/intltool-update'
INTLTOOL_XAM_RULE='%.xam:       %.xml.in       $(INTLTOOL_MERGE) $(wildcard $(top_srcdir)/po/*.po) ; LC_ALL=C $(INTLTOOL_MERGE) -x -u -c $(top_builddir)/po/.intltool-merge-cache $(top_srcdir)/po $< $@'
INTLTOOL_XML_NOMERGE_RULE='%.xml:       %.xml.in       $(INTLTOOL_MERGE) ; LC_ALL=C $(INTLTOOL_MERGE) -x -u /tmp $< $@'
INTLTOOL_XML_RULE='%.xml:       %.xml.in       $(INTLTOOL_MERGE) $(wildcard $(top_srcdir)/po/*.po) ; LC_ALL=C $(INTLTOOL_MERGE) -x -u -c $(top_builddir)/po/.intltool-merge-cache $(top_srcdir)/po $< $@'
LDFLAGS=''
LIBOBJS=''
LIBS=''
LTLIBOBJS=''
MAINT='#'
MAINTAINER_MODE_FALSE=''
MAINTAINER_MODE_TRUE='#'
MAKEINFO='${SHELL} /home/odroid/RogueSquadran/GUVCVIEW/guvcview-src-1.7.1/missing --run makeinfo'
MKDIR_P='/bin/mkdir -p'
MKINSTALLDIRS='./mkinstalldirs'
MSGFMT='/usr/bin/msgfmt'
MSGFMT_OPTS='-c'
MSGMERGE='/usr/bin/msgmerge'
OBJEXT='o'
PACKAGE='guvcview'
PACKAGE_BUGREPORT='http://guvcview.sourceforge.net/'
PACKAGE_NAME='guvcview'
PACKAGE_STRING='guvcview 1.7.1'
PACKAGE_TARNAME='guvcview'
PACKAGE_URL=''
PACKAGE_VERSION='1.7.1'
PATH_SEPARATOR=':'
PKG_CONFIG='/usr/bin/pkg-config'
PKG_CONFIG_LIBDIR=''
PKG_CONFIG_PATH=''
POFILES=' bg.po bs.po cs.po da.po de.po en_AU.po es.po eu.po fo.po fr.po gl.po he.po hr.po it.po ja.po lv.po nl.po pl.po pt.po pt_BR.po ru.po si.po sr.po tr.po uk.po zh_TW.po'
POSUB='po'
PO_IN_DATADIR_FALSE=''
PO_IN_DATADIR_TRUE=''
PULSE_CFLAGS='-D_REENTRANT  '
PULSE_LIBS='-lpulse  '
SET_MAKE=''
SHELL='/bin/bash'
STRIP=''
USE_NLS='yes'
VERSION='1.7.1'
XGETTEXT='/usr/bin/xgettext'
ac_ct_CC='gcc'
am__EXEEXT_FALSE=''
am__EXEEXT_TRUE='#'
am__fastdepCC_FALSE='#'
am__fastdepCC_TRUE=''
am__include='include'
am__isrc=''
am__leading_dot='.'
am__nodep='_no'
am__quote=''
am__tar='$${TAR-tar} chof - "$$tardir"'
am__untar='$${TAR-tar} xf -'
bindir='${exec_prefix}/bin'
build_alias=''
datadir='${datarootdir}'
datarootdir='${prefix}/share'
docdir='${datarootdir}/doc/${PACKAGE_TARNAME}'
dvidir='${docdir}'
exec_prefix='${prefix}'
host_alias=''
htmldir='${docdir}'
includedir='${prefix}/include'
infodir='${datarootdir}/info'
install_sh='${SHELL} /home/odroid/RogueSquadran/GUVCVIEW/guvcview-src-1.7.1/install-sh'
libdir='${exec_prefix}/lib'
libexecdir='${exec_prefix}/libexec'
localedir='${datarootdir}/locale'
localstatedir='${prefix}/var'
mandir='${datarootdir}/man'
mkdir_p='/bin/mkdir -p'
oldincludedir='/usr/include'
pdfdir='${docdir}'
prefix='/usr'
program_transform_name='s,x,x,'
psdir='${docdir}'
sbindir='${exec_prefix}/sbin'
sharedstatedir='${prefix}/com'
sysconfdir='${prefix}/etc'
target_alias=''

## ----------- ##
## confdefs.h. ##
## ----------- ##

/* confdefs.h */
#define PACKAGE_NAME "guvcview"
#define PACKAGE_TARNAME "guvcview"
#define PACKAGE_VERSION "1.7.1"
#define PACKAGE_STRING "guvcview 1.7.1"
#define PACKAGE_BUGREPORT "http://guvcview.sourceforge.net/"
#define PACKAGE_URL ""
#define PACKAGE "guvcview"
#define VERSION "1.7.1"
#define STDC_HEADERS 1
#define GETTEXT_PACKAGE "guvcview"
#define HAVE_SYS_TYPES_H 1
#define HAVE_SYS_STAT_H 1
#define HAVE_STDLIB_H 1
#define HAVE_STRING_H 1
#define HAVE_MEMORY_H 1
#define HAVE_STRINGS_H 1
#define HAVE_INTTYPES_H 1
#define HAVE_STDINT_H 1
#define HAVE_UNISTD_H 1
#define HAVE_LOCALE_H 1
#define HAVE_LC_MESSAGES 1
#define HAVE_BIND_TEXTDOMAIN_CODESET 1
#define HAVE_GETTEXT 1
#define HAVE_DCGETTEXT 1
#define ENABLE_NLS 1
#define PULSEAUDIO 1
#define HAS_LIBAVCODEC_AVCODEC_H 1

configure: exit 0
